mode: set
github.com/giannuccilli/user-api/internal/config/config.go:16.21,24.2 1 0
github.com/giannuccilli/user-api/internal/config/config.go:26.46,27.42 1 0
github.com/giannuccilli/user-api/internal/config/config.go:27.42,29.3 1 0
github.com/giannuccilli/user-api/internal/config/config.go:30.2,30.21 1 0
github.com/giannuccilli/user-api/internal/config/config.go:33.72,34.42 1 0
github.com/giannuccilli/user-api/internal/config/config.go:34.42,35.54 1 0
github.com/giannuccilli/user-api/internal/config/config.go:35.54,37.4 1 0
github.com/giannuccilli/user-api/internal/config/config.go:39.2,39.21 1 0
github.com/giannuccilli/user-api/cmd/api/main.go:20.13,24.22 3 0
github.com/giannuccilli/user-api/cmd/api/main.go:25.15,26.29 1 0
github.com/giannuccilli/user-api/cmd/api/main.go:27.14,28.28 1 0
github.com/giannuccilli/user-api/cmd/api/main.go:29.15,30.29 1 0
github.com/giannuccilli/user-api/cmd/api/main.go:31.10,32.28 1 0
github.com/giannuccilli/user-api/cmd/api/main.go:35.2,40.27 3 0
github.com/giannuccilli/user-api/cmd/api/main.go:40.27,43.3 2 0
github.com/giannuccilli/user-api/cmd/api/main.go:45.2,49.16 4 0
github.com/giannuccilli/user-api/cmd/api/main.go:49.16,52.3 2 0
github.com/giannuccilli/user-api/cmd/api/main.go:53.2,55.39 2 0
github.com/giannuccilli/user-api/cmd/api/main.go:55.39,58.3 2 0
github.com/giannuccilli/user-api/cmd/api/main.go:59.2,80.12 9 0
github.com/giannuccilli/user-api/cmd/api/main.go:80.12,82.80 2 0
github.com/giannuccilli/user-api/cmd/api/main.go:82.80,85.4 2 0
github.com/giannuccilli/user-api/cmd/api/main.go:88.2,97.53 7 0
github.com/giannuccilli/user-api/cmd/api/main.go:97.53,100.3 2 0
github.com/giannuccilli/user-api/cmd/api/main.go:102.2,102.31 1 0
github.com/giannuccilli/user-api/internal/repository/postgres/user.go:18.60,20.2 1 0
github.com/giannuccilli/user-api/internal/repository/postgres/user.go:22.79,36.16 3 0
github.com/giannuccilli/user-api/internal/repository/postgres/user.go:36.16,37.31 1 0
github.com/giannuccilli/user-api/internal/repository/postgres/user.go:37.31,39.4 1 0
github.com/giannuccilli/user-api/internal/repository/postgres/user.go:40.3,40.13 1 0
github.com/giannuccilli/user-api/internal/repository/postgres/user.go:43.2,43.12 1 0
github.com/giannuccilli/user-api/internal/repository/postgres/user.go:46.91,64.16 4 0
github.com/giannuccilli/user-api/internal/repository/postgres/user.go:64.16,65.36 1 0
github.com/giannuccilli/user-api/internal/repository/postgres/user.go:65.36,67.4 1 0
github.com/giannuccilli/user-api/internal/repository/postgres/user.go:68.3,68.18 1 0
github.com/giannuccilli/user-api/internal/repository/postgres/user.go:71.2,71.18 1 0
github.com/giannuccilli/user-api/internal/repository/postgres/user.go:74.94,92.16 4 0
github.com/giannuccilli/user-api/internal/repository/postgres/user.go:92.16,93.36 1 0
github.com/giannuccilli/user-api/internal/repository/postgres/user.go:93.36,95.4 1 0
github.com/giannuccilli/user-api/internal/repository/postgres/user.go:96.3,96.18 1 0
github.com/giannuccilli/user-api/internal/repository/postgres/user.go:99.2,99.18 1 0
github.com/giannuccilli/user-api/internal/repository/postgres/user.go:102.99,105.70 3 0
github.com/giannuccilli/user-api/internal/repository/postgres/user.go:105.70,107.3 1 0
github.com/giannuccilli/user-api/internal/repository/postgres/user.go:109.2,117.16 3 0
github.com/giannuccilli/user-api/internal/repository/postgres/user.go:117.16,119.3 1 0
github.com/giannuccilli/user-api/internal/repository/postgres/user.go:120.2,123.18 3 0
github.com/giannuccilli/user-api/internal/repository/postgres/user.go:123.18,133.17 2 0
github.com/giannuccilli/user-api/internal/repository/postgres/user.go:133.17,135.4 1 0
github.com/giannuccilli/user-api/internal/repository/postgres/user.go:136.3,136.30 1 0
github.com/giannuccilli/user-api/internal/repository/postgres/user.go:139.2,139.35 1 0
github.com/giannuccilli/user-api/internal/repository/postgres/user.go:139.35,141.3 1 0
github.com/giannuccilli/user-api/internal/repository/postgres/user.go:143.2,143.26 1 0
github.com/giannuccilli/user-api/internal/repository/postgres/user.go:146.79,162.16 3 0
github.com/giannuccilli/user-api/internal/repository/postgres/user.go:162.16,163.36 1 0
github.com/giannuccilli/user-api/internal/repository/postgres/user.go:163.36,165.4 1 0
github.com/giannuccilli/user-api/internal/repository/postgres/user.go:166.3,166.31 1 0
github.com/giannuccilli/user-api/internal/repository/postgres/user.go:166.31,168.4 1 0
github.com/giannuccilli/user-api/internal/repository/postgres/user.go:169.3,169.13 1 0
github.com/giannuccilli/user-api/internal/repository/postgres/user.go:172.2,172.12 1 0
github.com/giannuccilli/user-api/internal/repository/postgres/user.go:175.74,179.16 3 0
github.com/giannuccilli/user-api/internal/repository/postgres/user.go:179.16,181.3 1 0
github.com/giannuccilli/user-api/internal/repository/postgres/user.go:183.2,183.32 1 0
github.com/giannuccilli/user-api/internal/repository/postgres/user.go:183.32,185.3 1 0
github.com/giannuccilli/user-api/internal/repository/postgres/user.go:187.2,187.12 1 0
github.com/giannuccilli/user-api/internal/repository/postgres/user.go:190.42,193.2 1 0
github.com/giannuccilli/user-api/internal/repository/postgres/user.go:195.38,197.2 1 0
github.com/giannuccilli/user-api/internal/repository/postgres/user.go:199.42,200.43 1 0
github.com/giannuccilli/user-api/internal/repository/postgres/user.go:200.43,201.35 1 0
github.com/giannuccilli/user-api/internal/repository/postgres/user.go:201.35,203.4 1 0
github.com/giannuccilli/user-api/internal/repository/postgres/user.go:205.2,205.14 1 0
github.com/giannuccilli/user-api/internal/handler/middleware.go:21.49,24.2 2 0
github.com/giannuccilli/user-api/internal/handler/middleware.go:26.67,27.46 1 0
github.com/giannuccilli/user-api/internal/handler/middleware.go:27.46,28.72 1 0
github.com/giannuccilli/user-api/internal/handler/middleware.go:28.72,32.23 3 0
github.com/giannuccilli/user-api/internal/handler/middleware.go:32.23,34.5 1 0
github.com/giannuccilli/user-api/internal/handler/middleware.go:36.4,46.5 3 0
github.com/giannuccilli/user-api/internal/handler/middleware.go:51.68,52.46 1 0
github.com/giannuccilli/user-api/internal/handler/middleware.go:52.46,53.72 1 0
github.com/giannuccilli/user-api/internal/handler/middleware.go:53.72,54.17 1 0
github.com/giannuccilli/user-api/internal/handler/middleware.go:54.17,55.37 1 0
github.com/giannuccilli/user-api/internal/handler/middleware.go:55.37,62.6 2 0
github.com/giannuccilli/user-api/internal/handler/middleware.go:64.4,64.24 1 0
github.com/giannuccilli/user-api/internal/handler/middleware.go:69.89,70.45 1 0
github.com/giannuccilli/user-api/internal/handler/middleware.go:70.45,72.3 1 0
github.com/giannuccilli/user-api/internal/handler/middleware.go:73.2,73.10 1 0
github.com/giannuccilli/user-api/internal/handler/response.go:25.56,28.17 3 1
github.com/giannuccilli/user-api/internal/handler/response.go:28.17,30.3 1 1
github.com/giannuccilli/user-api/internal/handler/response.go:33.46,37.9 3 1
github.com/giannuccilli/user-api/internal/handler/response.go:38.46,43.4 2 1
github.com/giannuccilli/user-api/internal/handler/response.go:44.45,49.4 2 0
github.com/giannuccilli/user-api/internal/handler/response.go:50.46,55.4 2 1
github.com/giannuccilli/user-api/internal/handler/response.go:56.10,61.4 2 0
github.com/giannuccilli/user-api/internal/handler/response.go:64.2,64.26 1 1
github.com/giannuccilli/user-api/internal/handler/response.go:67.99,74.2 2 1
github.com/giannuccilli/user-api/internal/handler/user.go:18.64,20.2 1 1
github.com/giannuccilli/user-api/internal/handler/user.go:22.70,24.61 2 1
github.com/giannuccilli/user-api/internal/handler/user.go:24.61,27.3 2 1
github.com/giannuccilli/user-api/internal/handler/user.go:29.2,30.16 2 1
github.com/giannuccilli/user-api/internal/handler/user.go:30.16,33.3 2 1
github.com/giannuccilli/user-api/internal/handler/user.go:35.2,36.35 2 1
github.com/giannuccilli/user-api/internal/handler/user.go:39.71,42.16 3 1
github.com/giannuccilli/user-api/internal/handler/user.go:42.16,45.3 2 1
github.com/giannuccilli/user-api/internal/handler/user.go:47.2,48.16 2 1
github.com/giannuccilli/user-api/internal/handler/user.go:48.16,51.3 2 1
github.com/giannuccilli/user-api/internal/handler/user.go:53.2,53.30 1 1
github.com/giannuccilli/user-api/internal/handler/user.go:56.68,60.46 3 1
github.com/giannuccilli/user-api/internal/handler/user.go:60.46,61.49 1 0
github.com/giannuccilli/user-api/internal/handler/user.go:61.49,63.4 1 0
github.com/giannuccilli/user-api/internal/handler/user.go:66.2,66.47 1 1
github.com/giannuccilli/user-api/internal/handler/user.go:66.47,67.49 1 0
github.com/giannuccilli/user-api/internal/handler/user.go:67.49,69.4 1 0
github.com/giannuccilli/user-api/internal/handler/user.go:72.2,73.16 2 1
github.com/giannuccilli/user-api/internal/handler/user.go:73.16,76.3 2 0
github.com/giannuccilli/user-api/internal/handler/user.go:78.2,78.31 1 1
github.com/giannuccilli/user-api/internal/handler/user.go:81.70,84.16 3 1
github.com/giannuccilli/user-api/internal/handler/user.go:84.16,87.3 2 1
github.com/giannuccilli/user-api/internal/handler/user.go:89.2,90.61 2 1
github.com/giannuccilli/user-api/internal/handler/user.go:90.61,93.3 2 1
github.com/giannuccilli/user-api/internal/handler/user.go:95.2,96.16 2 1
github.com/giannuccilli/user-api/internal/handler/user.go:96.16,99.3 2 1
github.com/giannuccilli/user-api/internal/handler/user.go:101.2,101.30 1 1
github.com/giannuccilli/user-api/internal/handler/user.go:104.70,107.16 3 1
github.com/giannuccilli/user-api/internal/handler/user.go:107.16,110.3 2 1
github.com/giannuccilli/user-api/internal/handler/user.go:112.2,112.58 1 1
github.com/giannuccilli/user-api/internal/handler/user.go:112.58,115.3 2 1
github.com/giannuccilli/user-api/internal/handler/user.go:117.2,117.37 1 1
github.com/giannuccilli/user-api/internal/handler/user.go:120.58,126.2 5 0
github.com/giannuccilli/user-api/internal/service/user.go:17.62,19.2 1 1
github.com/giannuccilli/user-api/internal/service/user.go:21.103,26.45 4 1
github.com/giannuccilli/user-api/internal/service/user.go:26.45,28.3 1 1
github.com/giannuccilli/user-api/internal/service/user.go:29.2,29.61 1 1
github.com/giannuccilli/user-api/internal/service/user.go:29.61,31.3 1 1
github.com/giannuccilli/user-api/internal/service/user.go:32.2,32.59 1 1
github.com/giannuccilli/user-api/internal/service/user.go:32.59,34.3 1 1
github.com/giannuccilli/user-api/internal/service/user.go:36.2,37.59 2 1
github.com/giannuccilli/user-api/internal/service/user.go:37.59,39.3 1 0
github.com/giannuccilli/user-api/internal/service/user.go:40.2,40.25 1 1
github.com/giannuccilli/user-api/internal/service/user.go:40.25,42.3 1 1
github.com/giannuccilli/user-api/internal/service/user.go:44.2,51.49 2 1
github.com/giannuccilli/user-api/internal/service/user.go:51.49,53.3 1 0
github.com/giannuccilli/user-api/internal/service/user.go:55.2,55.18 1 1
github.com/giannuccilli/user-api/internal/service/user.go:58.88,60.2 1 1
github.com/giannuccilli/user-api/internal/service/user.go:62.94,63.16 1 1
github.com/giannuccilli/user-api/internal/service/user.go:63.16,65.3 1 0
github.com/giannuccilli/user-api/internal/service/user.go:66.2,66.17 1 1
github.com/giannuccilli/user-api/internal/service/user.go:66.17,68.3 1 0
github.com/giannuccilli/user-api/internal/service/user.go:69.2,69.16 1 1
github.com/giannuccilli/user-api/internal/service/user.go:69.16,71.3 1 0
github.com/giannuccilli/user-api/internal/service/user.go:73.2,74.16 2 1
github.com/giannuccilli/user-api/internal/service/user.go:74.16,76.3 1 0
github.com/giannuccilli/user-api/internal/service/user.go:78.2,85.8 1 1
github.com/giannuccilli/user-api/internal/service/user.go:88.117,90.16 2 1
github.com/giannuccilli/user-api/internal/service/user.go:90.16,92.3 1 1
github.com/giannuccilli/user-api/internal/service/user.go:94.2,94.22 1 1
github.com/giannuccilli/user-api/internal/service/user.go:94.22,96.46 2 0
github.com/giannuccilli/user-api/internal/service/user.go:96.46,98.4 1 0
github.com/giannuccilli/user-api/internal/service/user.go:100.3,100.26 1 0
github.com/giannuccilli/user-api/internal/service/user.go:100.26,102.61 2 0
github.com/giannuccilli/user-api/internal/service/user.go:102.61,104.5 1 0
github.com/giannuccilli/user-api/internal/service/user.go:105.4,105.27 1 0
github.com/giannuccilli/user-api/internal/service/user.go:105.27,107.5 1 0
github.com/giannuccilli/user-api/internal/service/user.go:108.4,108.22 1 0
github.com/giannuccilli/user-api/internal/service/user.go:112.2,112.26 1 1
github.com/giannuccilli/user-api/internal/service/user.go:112.26,114.62 2 1
github.com/giannuccilli/user-api/internal/service/user.go:114.62,116.4 1 0
github.com/giannuccilli/user-api/internal/service/user.go:117.3,117.29 1 1
github.com/giannuccilli/user-api/internal/service/user.go:120.2,120.25 1 1
github.com/giannuccilli/user-api/internal/service/user.go:120.25,122.60 2 0
github.com/giannuccilli/user-api/internal/service/user.go:122.60,124.4 1 0
github.com/giannuccilli/user-api/internal/service/user.go:125.3,125.27 1 0
github.com/giannuccilli/user-api/internal/service/user.go:128.2,128.23 1 1
github.com/giannuccilli/user-api/internal/service/user.go:128.23,129.53 1 0
github.com/giannuccilli/user-api/internal/service/user.go:129.53,131.4 1 0
github.com/giannuccilli/user-api/internal/service/user.go:132.3,132.28 1 0
github.com/giannuccilli/user-api/internal/service/user.go:135.2,135.49 1 1
github.com/giannuccilli/user-api/internal/service/user.go:135.49,137.3 1 0
github.com/giannuccilli/user-api/internal/service/user.go:139.2,139.18 1 1
github.com/giannuccilli/user-api/internal/service/user.go:142.71,144.2 1 1
github.com/giannuccilli/user-api/internal/service/user.go:146.40,147.17 1 1
github.com/giannuccilli/user-api/internal/service/user.go:147.17,149.3 1 1
github.com/giannuccilli/user-api/internal/service/user.go:150.2,150.22 1 1
github.com/giannuccilli/user-api/internal/service/user.go:150.22,152.3 1 0
github.com/giannuccilli/user-api/internal/service/user.go:153.2,153.68 1 1
github.com/giannuccilli/user-api/internal/service/user.go:153.68,155.3 1 1
github.com/giannuccilli/user-api/internal/service/user.go:156.2,156.12 1 1
github.com/giannuccilli/user-api/internal/service/user.go:159.45,160.16 1 1
github.com/giannuccilli/user-api/internal/service/user.go:160.16,162.3 1 1
github.com/giannuccilli/user-api/internal/service/user.go:163.2,163.21 1 1
github.com/giannuccilli/user-api/internal/service/user.go:163.21,165.3 1 0
github.com/giannuccilli/user-api/internal/service/user.go:166.2,166.12 1 1
github.com/giannuccilli/user-api/internal/service/user.go:169.53,170.16 1 0
github.com/giannuccilli/user-api/internal/service/user.go:171.86,172.13 1 0
github.com/giannuccilli/user-api/internal/service/user.go:173.10,174.32 1 0
